<?xml version="1.0" encoding="UTF-8"?>
<!-- Generated by org.testng.reporters.JUnitXMLReporter -->
<testsuite ignored="0" hostname="LBHWDKT2" failures="0" tests="3" name="Submit Order Test" time="29.819" errors="0" timestamp="2023-09-28T14:33:53 IST">
  <testcase classname="Hybrid_Framework.Tests.StandaloneTest2" name="submitOrderTestCase" time="5.894"/>
  <testcase classname="Hybrid_Framework.Tests.StandaloneTest2" name="submitOrderTestCase" time="4.07"/>
  <testcase classname="Hybrid_Framework.Tests.StandaloneTest2" name="orderHistoryTest" time="0.672"/>
</testsuite> <!-- Submit Order Test -->
